This file contains any messages produced by compilers while
running configure, to aid debugging if configure makes a mistake.

It was created by glog configure 0.3.2, which was
generated by GNU Autoconf 2.69.  Invocation command line was

  $ ./configure --prefix=/home/prajwel/AS1UVITLevel2DataPipeline-L2DIST-6.3/as1/LIBS/glog-0.3.2/../..

## --------- ##
## Platform. ##
## --------- ##

hostname = uvit3.iiap.res.in
uname -m = x86_64
uname -r = 2.6.32-642.4.2.el6.x86_64
uname -s = Linux
uname -v = #1 SMP Tue Aug 23 19:58:13 UTC 2016

/usr/bin/uname -p = unknown
/bin/uname -X     = unknown

/bin/arch              = x86_64
/usr/bin/arch -k       = unknown
/usr/convex/getsysinfo = unknown
/usr/bin/hostinfo      = unknown
/bin/machine           = unknown
/usr/bin/oslevel       = unknown
/bin/universe          = unknown

PATH: /home/prajwel/AS1UVITLevel2DataPipeline-L2DIST-6.3/as1/uvit/bin
PATH: /home/prajwel/AS1UVITLevel2DataPipeline-L2DIST-6.3/as1/uvit/bin
PATH: /data/work/prajwel/conda_world/mambaforge/bin
PATH: /data/work/prajwel/conda_world/mambaforge/condabin
PATH: /home/prajwel/AS1UVITLevel2DataPipeline-L2DIST-6.3/as1/uvit/bin
PATH: /usr/local/AS1UVTLevel2/as1/uvit/bin
PATH: /usr/local/bin
PATH: /bin
PATH: /usr/bin
PATH: /usr/local/sbin
PATH: /usr/sbin
PATH: /sbin
PATH: /home/prajwel/bin


## ----------- ##
## Core tests. ##
## ----------- ##

configure:2906: checking for a BSD-compatible install
configure:2974: result: /usr/bin/install -c
configure:2985: checking whether build environment is sane
configure:3035: result: yes
configure:3176: checking for a thread-safe mkdir -p
configure:3215: result: /bin/mkdir -p
configure:3228: checking for gawk
configure:3244: found /bin/gawk
configure:3255: result: gawk
configure:3266: checking whether make sets $(MAKE)
configure:3288: result: yes
configure:3427: checking for gcc
configure:3443: found /usr/bin/gcc
configure:3454: result: gcc
configure:3683: checking for C compiler version
configure:3692: gcc --version >&5
gcc (GCC) 4.4.7 20120313 (Red Hat 4.4.7-17)
Copyright (C) 2010 Free Software Foundation, Inc.
This is free software; see the source for copying conditions.  There is NO
warranty; not even for MERCHANTABILITY or FITNESS FOR A PARTICULAR PURPOSE.

configure:3703: $? = 0
configure:3692: gcc -v >&5
Using built-in specs.
Target: x86_64-redhat-linux
Configured with: ../configure --prefix=/usr --mandir=/usr/share/man --infodir=/usr/share/info --with-bugurl=http://bugzilla.redhat.com/bugzilla --enable-bootstrap --enable-shared --enable-threads=posix --enable-checking=release --with-system-zlib --enable-__cxa_atexit --disable-libunwind-exceptions --enable-gnu-unique-object --enable-languages=c,c++,objc,obj-c++,java,fortran,ada --enable-java-awt=gtk --disable-dssi --with-java-home=/usr/lib/jvm/java-1.5.0-gcj-1.5.0.0/jre --enable-libgcj-multifile --enable-java-maintainer-mode --with-ecj-jar=/usr/share/java/eclipse-ecj.jar --disable-libjava-multilib --with-ppl --with-cloog --with-tune=generic --with-arch_32=i686 --build=x86_64-redhat-linux
Thread model: posix
gcc version 4.4.7 20120313 (Red Hat 4.4.7-17) (GCC) 
configure:3703: $? = 0
configure:3692: gcc -V >&5
gcc: '-V' option must have argument
configure:3703: $? = 1
configure:3692: gcc -qversion >&5
gcc: unrecognized option '-qversion'
gcc: no input files
configure:3703: $? = 1
configure:3723: checking whether the C compiler works
configure:3745: gcc    conftest.c  >&5
configure:3749: $? = 0
configure:3797: result: yes
configure:3800: checking for C compiler default output file name
configure:3802: result: a.out
configure:3808: checking for suffix of executables
configure:3815: gcc -o conftest    conftest.c  >&5
configure:3819: $? = 0
configure:3841: result: 
configure:3863: checking whether we are cross compiling
configure:3871: gcc -o conftest    conftest.c  >&5
configure:3875: $? = 0
configure:3882: ./conftest
configure:3886: $? = 0
configure:3901: result: no
configure:3906: checking for suffix of object files
configure:3928: gcc -c   conftest.c >&5
configure:3932: $? = 0
configure:3953: result: o
configure:3957: checking whether we are using the GNU C compiler
configure:3976: gcc -c   conftest.c >&5
configure:3976: $? = 0
configure:3985: result: yes
configure:3994: checking whether gcc accepts -g
configure:4014: gcc -c -g  conftest.c >&5
configure:4014: $? = 0
configure:4055: result: yes
configure:4072: checking for gcc option to accept ISO C89
configure:4135: gcc  -c -g -O2  conftest.c >&5
configure:4135: $? = 0
configure:4148: result: none needed
configure:4179: checking for style of include used by make
configure:4207: result: GNU
configure:4232: checking dependency style of gcc
configure:4342: result: gcc3
configure:4362: checking how to run the C preprocessor
configure:4393: gcc -E  conftest.c
configure:4393: $? = 0
configure:4407: gcc -E  conftest.c
conftest.c:11:28: error: ac_nonexistent.h: No such file or directory
configure:4407: $? = 1
configure: failed program was:
| /* confdefs.h */
| #define PACKAGE_NAME "glog"
| #define PACKAGE_TARNAME "glog"
| #define PACKAGE_VERSION "0.3.2"
| #define PACKAGE_STRING "glog 0.3.2"
| #define PACKAGE_BUGREPORT "opensource@google.com"
| #define PACKAGE_URL ""
| #define PACKAGE "glog"
| #define VERSION "0.3.2"
| /* end confdefs.h.  */
| #include <ac_nonexistent.h>
configure:4432: result: gcc -E
configure:4452: gcc -E  conftest.c
configure:4452: $? = 0
configure:4466: gcc -E  conftest.c
conftest.c:11:28: error: ac_nonexistent.h: No such file or directory
configure:4466: $? = 1
configure: failed program was:
| /* confdefs.h */
| #define PACKAGE_NAME "glog"
| #define PACKAGE_TARNAME "glog"
| #define PACKAGE_VERSION "0.3.2"
| #define PACKAGE_STRING "glog 0.3.2"
| #define PACKAGE_BUGREPORT "opensource@google.com"
| #define PACKAGE_URL ""
| #define PACKAGE "glog"
| #define VERSION "0.3.2"
| /* end confdefs.h.  */
| #include <ac_nonexistent.h>
configure:4552: checking for g++
configure:4568: found /usr/bin/g++
configure:4579: result: g++
configure:4606: checking for C++ compiler version
configure:4615: g++ --version >&5
g++ (GCC) 4.4.7 20120313 (Red Hat 4.4.7-17)
Copyright (C) 2010 Free Software Foundation, Inc.
This is free software; see the source for copying conditions.  There is NO
warranty; not even for MERCHANTABILITY or FITNESS FOR A PARTICULAR PURPOSE.

configure:4626: $? = 0
configure:4615: g++ -v >&5
Using built-in specs.
Target: x86_64-redhat-linux
Configured with: ../configure --prefix=/usr --mandir=/usr/share/man --infodir=/usr/share/info --with-bugurl=http://bugzilla.redhat.com/bugzilla --enable-bootstrap --enable-shared --enable-threads=posix --enable-checking=release --with-system-zlib --enable-__cxa_atexit --disable-libunwind-exceptions --enable-gnu-unique-object --enable-languages=c,c++,objc,obj-c++,java,fortran,ada --enable-java-awt=gtk --disable-dssi --with-java-home=/usr/lib/jvm/java-1.5.0-gcj-1.5.0.0/jre --enable-libgcj-multifile --enable-java-maintainer-mode --with-ecj-jar=/usr/share/java/eclipse-ecj.jar --disable-libjava-multilib --with-ppl --with-cloog --with-tune=generic --with-arch_32=i686 --build=x86_64-redhat-linux
Thread model: posix
gcc version 4.4.7 20120313 (Red Hat 4.4.7-17) (GCC) 
configure:4626: $? = 0
configure:4615: g++ -V >&5
g++: '-V' option must have argument
configure:4626: $? = 1
configure:4615: g++ -qversion >&5
g++: unrecognized option '-qversion'
g++: no input files
configure:4626: $? = 1
configure:4630: checking whether we are using the GNU C++ compiler
configure:4649: g++ -c   conftest.cpp >&5
configure:4649: $? = 0
configure:4658: result: yes
configure:4667: checking whether g++ accepts -g
configure:4687: g++ -c -g  conftest.cpp >&5
configure:4687: $? = 0
configure:4728: result: yes
configure:4753: checking dependency style of g++
configure:4863: result: gcc3
configure:4916: checking build system type
configure:4930: result: x86_64-unknown-linux-gnu
configure:4950: checking host system type
configure:4963: result: x86_64-unknown-linux-gnu
configure:4983: checking for a sed that does not truncate output
configure:5047: result: /bin/sed
configure:5065: checking for grep that handles long lines and -e
configure:5123: result: /bin/grep
configure:5128: checking for egrep
configure:5190: result: /bin/grep -E
configure:5195: checking for fgrep
configure:5257: result: /bin/grep -F
configure:5292: checking for ld used by gcc
configure:5359: result: /usr/bin/ld
configure:5366: checking if the linker (/usr/bin/ld) is GNU ld
configure:5381: result: yes
configure:5393: checking for BSD- or MS-compatible name lister (nm)
configure:5442: result: /usr/bin/nm -B
configure:5560: checking the name lister (/usr/bin/nm -B) interface
configure:5567: g++ -c -g -O2  conftest.cpp >&5
configure:5570: /usr/bin/nm -B "conftest.o"
configure:5573: output
0000000000000000 B some_variable
configure:5580: result: BSD nm
configure:5583: checking whether ln -s works
configure:5587: result: yes
configure:5595: checking the maximum length of command line arguments
configure:5715: result: 1966080
configure:5732: checking whether the shell understands some XSI constructs
configure:5742: result: yes
configure:5746: checking whether the shell understands "+="
configure:5752: result: yes
configure:5787: checking for /usr/bin/ld option to reload object files
configure:5794: result: -r
configure:5863: checking for objdump
configure:5879: found /usr/bin/objdump
configure:5890: result: objdump
configure:5922: checking how to recognize dependent libraries
configure:6118: result: pass_all
configure:6178: checking for ar
configure:6194: found /usr/bin/ar
configure:6205: result: ar
configure:6283: checking for strip
configure:6299: found /usr/bin/strip
configure:6310: result: strip
configure:6382: checking for ranlib
configure:6398: found /usr/bin/ranlib
configure:6409: result: ranlib
configure:6499: checking command to parse /usr/bin/nm -B output from gcc object
configure:6617: g++ -c -g -O2  conftest.cpp >&5
configure:6620: $? = 0
configure:6624: /usr/bin/nm -B conftest.o \| sed -n -e 's/^.*[	 ]\([ABCDGIRSTW][ABCDGIRSTW]*\)[	 ][	 ]*\([_A-Za-z][_A-Za-z0-9]*\)$/\1 \2 \2/p' \> conftest.nm
configure:6627: $? = 0
configure:6681: g++ -o conftest -g -O2   conftest.cpp conftstm.o >&5
configure:6684: $? = 0
configure:6722: result: ok
configure:6818: g++ -c -g -O2  conftest.cpp >&5
configure:6821: $? = 0
configure:7527: checking for ANSI C header files
configure:7547: g++ -c -g -O2  conftest.cpp >&5
configure:7547: $? = 0
./configure: line 7561: conftest.cpp: command not found
configure:7631: result: no
configure:7644: checking for sys/types.h
configure:7644: g++ -c -g -O2  conftest.cpp >&5
configure:7644: $? = 0
configure:7644: result: yes
configure:7644: checking for sys/stat.h
configure:7644: g++ -c -g -O2  conftest.cpp >&5
configure:7644: $? = 0
configure:7644: result: yes
configure:7644: checking for stdlib.h
configure:7644: g++ -c -g -O2  conftest.cpp >&5
configure:7644: $? = 0
configure:7644: result: yes
configure:7644: checking for string.h
configure:7644: g++ -c -g -O2  conftest.cpp >&5
configure:7644: $? = 0
configure:7644: result: yes
configure:7644: checking for memory.h
configure:7644: g++ -c -g -O2  conftest.cpp >&5
configure:7644: $? = 0
configure:7644: result: yes
configure:7644: checking for strings.h
configure:7644: g++ -c -g -O2  conftest.cpp >&5
configure:7644: $? = 0
configure:7644: result: yes
configure:7644: checking for inttypes.h
configure:7644: g++ -c -g -O2  conftest.cpp >&5
configure:7644: $? = 0
configure:7644: result: yes
configure:7644: checking for stdint.h
configure:7644: g++ -c -g -O2  conftest.cpp >&5
configure:7644: $? = 0
configure:7644: result: yes
configure:7644: checking for unistd.h
configure:7644: g++ -c -g -O2  conftest.cpp >&5
configure:7644: $? = 0
configure:7644: result: yes
configure:7658: checking for dlfcn.h
configure:7658: g++ -c -g -O2  conftest.cpp >&5
configure:7658: $? = 0
configure:7658: result: yes
configure:7783: checking for C++ compiler version
configure:7792: g++ --version >&5
g++ (GCC) 4.4.7 20120313 (Red Hat 4.4.7-17)
Copyright (C) 2010 Free Software Foundation, Inc.
This is free software; see the source for copying conditions.  There is NO
warranty; not even for MERCHANTABILITY or FITNESS FOR A PARTICULAR PURPOSE.

configure:7803: $? = 0
configure:7792: g++ -v >&5
Using built-in specs.
Target: x86_64-redhat-linux
Configured with: ../configure --prefix=/usr --mandir=/usr/share/man --infodir=/usr/share/info --with-bugurl=http://bugzilla.redhat.com/bugzilla --enable-bootstrap --enable-shared --enable-threads=posix --enable-checking=release --with-system-zlib --enable-__cxa_atexit --disable-libunwind-exceptions --enable-gnu-unique-object --enable-languages=c,c++,objc,obj-c++,java,fortran,ada --enable-java-awt=gtk --disable-dssi --with-java-home=/usr/lib/jvm/java-1.5.0-gcj-1.5.0.0/jre --enable-libgcj-multifile --enable-java-maintainer-mode --with-ecj-jar=/usr/share/java/eclipse-ecj.jar --disable-libjava-multilib --with-ppl --with-cloog --with-tune=generic --with-arch_32=i686 --build=x86_64-redhat-linux
Thread model: posix
gcc version 4.4.7 20120313 (Red Hat 4.4.7-17) (GCC) 
configure:7803: $? = 0
configure:7792: g++ -V >&5
g++: '-V' option must have argument
configure:7803: $? = 1
configure:7792: g++ -qversion >&5
g++: unrecognized option '-qversion'
g++: no input files
configure:7803: $? = 1
configure:7807: checking whether we are using the GNU C++ compiler
configure:7835: result: yes
configure:7844: checking whether g++ accepts -g
configure:7905: result: yes
configure:7930: checking dependency style of g++
configure:8040: result: gcc3
configure:8063: checking how to run the C++ preprocessor
configure:8090: g++ -E  conftest.cpp
configure:8090: $? = 0
configure:8104: g++ -E  conftest.cpp
conftest.cpp:21:28: error: ac_nonexistent.h: No such file or directory
configure:8104: $? = 1
configure: failed program was:
| /* confdefs.h */
| #define PACKAGE_NAME "glog"
| #define PACKAGE_TARNAME "glog"
| #define PACKAGE_VERSION "0.3.2"
| #define PACKAGE_STRING "glog 0.3.2"
| #define PACKAGE_BUGREPORT "opensource@google.com"
| #define PACKAGE_URL ""
| #define PACKAGE "glog"
| #define VERSION "0.3.2"
| #define HAVE_SYS_TYPES_H 1
| #define HAVE_SYS_STAT_H 1
| #define HAVE_STDLIB_H 1
| #define HAVE_STRING_H 1
| #define HAVE_MEMORY_H 1
| #define HAVE_STRINGS_H 1
| #define HAVE_INTTYPES_H 1
| #define HAVE_STDINT_H 1
| #define HAVE_UNISTD_H 1
| #define HAVE_DLFCN_H 1
| /* end confdefs.h.  */
| #include <ac_nonexistent.h>
configure:8129: result: g++ -E
configure:8149: g++ -E  conftest.cpp
configure:8149: $? = 0
configure:8163: g++ -E  conftest.cpp
conftest.cpp:21:28: error: ac_nonexistent.h: No such file or directory
configure:8163: $? = 1
configure: failed program was:
| /* confdefs.h */
| #define PACKAGE_NAME "glog"
| #define PACKAGE_TARNAME "glog"
| #define PACKAGE_VERSION "0.3.2"
| #define PACKAGE_STRING "glog 0.3.2"
| #define PACKAGE_BUGREPORT "opensource@google.com"
| #define PACKAGE_URL ""
| #define PACKAGE "glog"
| #define VERSION "0.3.2"
| #define HAVE_SYS_TYPES_H 1
| #define HAVE_SYS_STAT_H 1
| #define HAVE_STDLIB_H 1
| #define HAVE_STRING_H 1
| #define HAVE_MEMORY_H 1
| #define HAVE_STRINGS_H 1
| #define HAVE_INTTYPES_H 1
| #define HAVE_STDINT_H 1
| #define HAVE_UNISTD_H 1
| #define HAVE_DLFCN_H 1
| /* end confdefs.h.  */
| #include <ac_nonexistent.h>
configure:8369: checking for objdir
configure:8384: result: .libs
configure:8680: checking if gcc supports -fno-rtti -fno-exceptions
configure:8698: gcc -c -g -O2  -fno-rtti -fno-exceptions conftest.c >&5
cc1: warning: command line option "-fno-rtti" is valid for C++/ObjC++ but not for C
configure:8702: $? = 0
configure:8715: result: no
configure:8735: checking for gcc option to produce PIC
configure:9007: result: -fPIC -DPIC
configure:9019: checking if gcc PIC flag -fPIC -DPIC works
configure:9037: gcc -c -g -O2  -fPIC -DPIC -DPIC conftest.c >&5
configure:9041: $? = 0
configure:9054: result: yes
configure:9078: checking if gcc static flag -static works
configure:9106: result: no
configure:9121: checking if gcc supports -c -o file.o
configure:9142: gcc -c -g -O2  -o out/conftest2.o conftest.c >&5
configure:9146: $? = 0
configure:9168: result: yes
configure:9176: checking if gcc supports -c -o file.o
configure:9223: result: yes
configure:9256: checking whether the gcc linker (/usr/bin/ld -m elf_x86_64) supports shared libraries
configure:10247: result: yes
configure:10284: checking whether -lc should be explicitly linked in
configure:10289: gcc -c -g -O2  conftest.c >&5
configure:10292: $? = 0
configure:10307: gcc -shared conftest.o  -v -Wl,-soname -Wl,conftest -o conftest 2\>\&1 \| /bin/grep  -lc  \>/dev/null 2\>\&1
configure:10310: $? = 0
configure:10322: result: no
configure:10486: checking dynamic linker characteristics
configure:10919: gcc -o conftest -g -O2   -Wl,-rpath -Wl,/foo conftest.c  >&5
configure:10919: $? = 0
configure:11149: result: GNU/Linux ld.so
configure:11251: checking how to hardcode library paths into programs
configure:11276: result: immediate
configure:11796: checking whether stripping libraries is possible
configure:11801: result: yes
configure:11836: checking if libtool supports shared libraries
configure:11838: result: yes
configure:11841: checking whether to build shared libraries
configure:11862: result: yes
configure:11865: checking whether to build static libraries
configure:11869: result: yes
configure:12019: checking for ld used by g++
configure:12086: result: /usr/bin/ld -m elf_x86_64
configure:12093: checking if the linker (/usr/bin/ld -m elf_x86_64) is GNU ld
configure:12108: result: yes
configure:12163: checking whether the g++ linker (/usr/bin/ld -m elf_x86_64) supports shared libraries
configure:13076: result: yes
configure:13104: g++ -c -g -O2  conftest.cpp >&5
configure:13107: $? = 0
configure:13289: checking for g++ option to produce PIC
configure:13606: result: -fPIC -DPIC
configure:13615: checking if g++ PIC flag -fPIC -DPIC works
configure:13633: g++ -c -g -O2  -fPIC -DPIC -DPIC conftest.cpp >&5
configure:13637: $? = 0
configure:13650: result: yes
configure:13671: checking if g++ static flag -static works
configure:13699: result: no
configure:13711: checking if g++ supports -c -o file.o
configure:13732: g++ -c -g -O2  -o out/conftest2.o conftest.cpp >&5
configure:13736: $? = 0
configure:13758: result: yes
configure:13763: checking if g++ supports -c -o file.o
configure:13810: result: yes
configure:13840: checking whether the g++ linker (/usr/bin/ld -m elf_x86_64) supports shared libraries
configure:13869: result: yes
configure:14006: checking dynamic linker characteristics
configure:14387: g++ -o conftest -g -O2   -Wl,-rpath -Wl,/foo conftest.cpp  >&5
configure:14387: $? = 0
configure:14617: result: GNU/Linux ld.so
configure:14668: checking how to hardcode library paths into programs
configure:14693: result: immediate
configure:14755: checking for ANSI C header files
configure:14859: result: no
configure:14869: checking for stdint.h
configure:14869: result: yes
configure:14877: checking for sys/types.h
configure:14877: result: yes
configure:14885: checking for inttypes.h
configure:14885: result: yes
configure:14895: checking for unistd.h
configure:14895: result: yes
configure:14909: checking syscall.h usability
configure:14909: g++ -c -g -O2  conftest.cpp >&5
configure:14909: $? = 0
configure:14909: result: yes
configure:14909: checking syscall.h presence
configure:14909: g++ -E  conftest.cpp
configure:14909: $? = 0
configure:14909: result: yes
configure:14909: checking for syscall.h
configure:14909: result: yes
configure:14921: checking sys/syscall.h usability
configure:14921: g++ -c -g -O2  conftest.cpp >&5
configure:14921: $? = 0
configure:14921: result: yes
configure:14921: checking sys/syscall.h presence
configure:14921: g++ -E  conftest.cpp
configure:14921: $? = 0
configure:14921: result: yes
configure:14921: checking for sys/syscall.h
configure:14921: result: yes
configure:14934: checking execinfo.h usability
configure:14934: g++ -c -g -O2  conftest.cpp >&5
configure:14934: $? = 0
configure:14934: result: yes
configure:14934: checking execinfo.h presence
configure:14934: g++ -E  conftest.cpp
configure:14934: $? = 0
configure:14934: result: yes
configure:14934: checking for execinfo.h
configure:14934: result: yes
configure:14947: checking libunwind.h usability
configure:14947: g++ -c -g -O2  conftest.cpp >&5
conftest.cpp:59:23: error: libunwind.h: No such file or directory
configure:14947: $? = 1
configure: failed program was:
| /* confdefs.h */
| #define PACKAGE_NAME "glog"
| #define PACKAGE_TARNAME "glog"
| #define PACKAGE_VERSION "0.3.2"
| #define PACKAGE_STRING "glog 0.3.2"
| #define PACKAGE_BUGREPORT "opensource@google.com"
| #define PACKAGE_URL ""
| #define PACKAGE "glog"
| #define VERSION "0.3.2"
| #define HAVE_SYS_TYPES_H 1
| #define HAVE_SYS_STAT_H 1
| #define HAVE_STDLIB_H 1
| #define HAVE_STRING_H 1
| #define HAVE_MEMORY_H 1
| #define HAVE_STRINGS_H 1
| #define HAVE_INTTYPES_H 1
| #define HAVE_STDINT_H 1
| #define HAVE_UNISTD_H 1
| #define HAVE_DLFCN_H 1
| #define LT_OBJDIR ".libs/"
| #define HAVE_UNISTD_H 1
| #define HAVE_SYSCALL_H 1
| #define HAVE_SYS_SYSCALL_H 1
| #define HAVE_EXECINFO_H 1
| /* end confdefs.h.  */
| #include <stdio.h>
| #ifdef HAVE_SYS_TYPES_H
| # include <sys/types.h>
| #endif
| #ifdef HAVE_SYS_STAT_H
| # include <sys/stat.h>
| #endif
| #ifdef STDC_HEADERS
| # include <stdlib.h>
| # include <stddef.h>
| #else
| # ifdef HAVE_STDLIB_H
| #  include <stdlib.h>
| # endif
| #endif
| #ifdef HAVE_STRING_H
| # if !defined STDC_HEADERS && defined HAVE_MEMORY_H
| #  include <memory.h>
| # endif
| # include <string.h>
| #endif
| #ifdef HAVE_STRINGS_H
| # include <strings.h>
| #endif
| #ifdef HAVE_INTTYPES_H
| # include <inttypes.h>
| #endif
| #ifdef HAVE_STDINT_H
| # include <stdint.h>
| #endif
| #ifdef HAVE_UNISTD_H
| # include <unistd.h>
| #endif
| #include <libunwind.h>
configure:14947: result: no
configure:14947: checking libunwind.h presence
configure:14947: g++ -E  conftest.cpp
conftest.cpp:26:23: error: libunwind.h: No such file or directory
configure:14947: $? = 1
configure: failed program was:
| /* confdefs.h */
| #define PACKAGE_NAME "glog"
| #define PACKAGE_TARNAME "glog"
| #define PACKAGE_VERSION "0.3.2"
| #define PACKAGE_STRING "glog 0.3.2"
| #define PACKAGE_BUGREPORT "opensource@google.com"
| #define PACKAGE_URL ""
| #define PACKAGE "glog"
| #define VERSION "0.3.2"
| #define HAVE_SYS_TYPES_H 1
| #define HAVE_SYS_STAT_H 1
| #define HAVE_STDLIB_H 1
| #define HAVE_STRING_H 1
| #define HAVE_MEMORY_H 1
| #define HAVE_STRINGS_H 1
| #define HAVE_INTTYPES_H 1
| #define HAVE_STDINT_H 1
| #define HAVE_UNISTD_H 1
| #define HAVE_DLFCN_H 1
| #define LT_OBJDIR ".libs/"
| #define HAVE_UNISTD_H 1
| #define HAVE_SYSCALL_H 1
| #define HAVE_SYS_SYSCALL_H 1
| #define HAVE_EXECINFO_H 1
| /* end confdefs.h.  */
| #include <libunwind.h>
configure:14947: result: no
configure:14947: checking for libunwind.h
configure:14947: result: no
configure:14961: checking ucontext.h usability
configure:14961: g++ -c -g -O2  conftest.cpp >&5
configure:14961: $? = 0
configure:14961: result: yes
configure:14961: checking ucontext.h presence
configure:14961: g++ -E  conftest.cpp
configure:14961: $? = 0
configure:14961: result: yes
configure:14961: checking for ucontext.h
configure:14961: result: yes
configure:14973: checking sys/utsname.h usability
configure:14973: g++ -c -g -O2  conftest.cpp >&5
configure:14973: $? = 0
configure:14973: result: yes
configure:14973: checking sys/utsname.h presence
configure:14973: g++ -E  conftest.cpp
configure:14973: $? = 0
configure:14973: result: yes
configure:14973: checking for sys/utsname.h
configure:14973: result: yes
configure:14985: checking pwd.h usability
configure:14985: g++ -c -g -O2  conftest.cpp >&5
configure:14985: $? = 0
configure:14985: result: yes
configure:14985: checking pwd.h presence
configure:14985: g++ -E  conftest.cpp
configure:14985: $? = 0
configure:14985: result: yes
configure:14985: checking for pwd.h
configure:14985: result: yes
configure:14997: checking syslog.h usability
configure:14997: g++ -c -g -O2  conftest.cpp >&5
configure:14997: $? = 0
configure:14997: result: yes
configure:14997: checking syslog.h presence
configure:14997: g++ -E  conftest.cpp
configure:14997: $? = 0
configure:14997: result: yes
configure:14997: checking for syslog.h
configure:14997: result: yes
configure:15009: checking sys/time.h usability
configure:15009: g++ -c -g -O2  conftest.cpp >&5
configure:15009: $? = 0
configure:15009: result: yes
configure:15009: checking sys/time.h presence
configure:15009: g++ -E  conftest.cpp
configure:15009: $? = 0
configure:15009: result: yes
configure:15009: checking for sys/time.h
configure:15009: result: yes
configure:15021: checking glob.h usability
configure:15021: g++ -c -g -O2  conftest.cpp >&5
configure:15021: $? = 0
configure:15021: result: yes
configure:15021: checking glob.h presence
configure:15021: g++ -E  conftest.cpp
configure:15021: $? = 0
configure:15021: result: yes
configure:15021: checking for glob.h
configure:15021: result: yes
configure:15036: checking size of void *
configure:15041: g++ -o conftest -g -O2   conftest.cpp  >&5
configure:15041: $? = 0
configure:15041: ./conftest
configure:15041: $? = 0
configure:15055: result: 8
configure:15068: checking for uint16_t
configure:15068: g++ -c -g -O2  conftest.cpp >&5
configure:15068: $? = 0
configure:15068: g++ -c -g -O2  conftest.cpp >&5
conftest.cpp: In function 'int main()':
conftest.cpp:69: error: expected primary-expression before ')' token
configure:15068: $? = 1
configure: failed program was:
| /* confdefs.h */
| #define PACKAGE_NAME "glog"
| #define PACKAGE_TARNAME "glog"
| #define PACKAGE_VERSION "0.3.2"
| #define PACKAGE_STRING "glog 0.3.2"
| #define PACKAGE_BUGREPORT "opensource@google.com"
| #define PACKAGE_URL ""
| #define PACKAGE "glog"
| #define VERSION "0.3.2"
| #define HAVE_SYS_TYPES_H 1
| #define HAVE_SYS_STAT_H 1
| #define HAVE_STDLIB_H 1
| #define HAVE_STRING_H 1
| #define HAVE_MEMORY_H 1
| #define HAVE_STRINGS_H 1
| #define HAVE_INTTYPES_H 1
| #define HAVE_STDINT_H 1
| #define HAVE_UNISTD_H 1
| #define HAVE_DLFCN_H 1
| #define LT_OBJDIR ".libs/"
| #define HAVE_UNISTD_H 1
| #define HAVE_SYSCALL_H 1
| #define HAVE_SYS_SYSCALL_H 1
| #define HAVE_EXECINFO_H 1
| #define HAVE_UCONTEXT_H 1
| #define HAVE_SYS_UTSNAME_H 1
| #define HAVE_PWD_H 1
| #define HAVE_SYSLOG_H 1
| #define HAVE_SYS_TIME_H 1
| #define HAVE_GLOB_H 1
| #define SIZEOF_VOID_P 8
| /* end confdefs.h.  */
| #include <stdio.h>
| #ifdef HAVE_SYS_TYPES_H
| # include <sys/types.h>
| #endif
| #ifdef HAVE_SYS_STAT_H
| # include <sys/stat.h>
| #endif
| #ifdef STDC_HEADERS
| # include <stdlib.h>
| # include <stddef.h>
| #else
| # ifdef HAVE_STDLIB_H
| #  include <stdlib.h>
| # endif
| #endif
| #ifdef HAVE_STRING_H
| # if !defined STDC_HEADERS && defined HAVE_MEMORY_H
| #  include <memory.h>
| # endif
| # include <string.h>
| #endif
| #ifdef HAVE_STRINGS_H
| # include <strings.h>
| #endif
| #ifdef HAVE_INTTYPES_H
| # include <inttypes.h>
| #endif
| #ifdef HAVE_STDINT_H
| # include <stdint.h>
| #endif
| #ifdef HAVE_UNISTD_H
| # include <unistd.h>
| #endif
| int
| main ()
| {
| if (sizeof ((uint16_t)))
| 	    return 0;
|   ;
|   return 0;
| }
configure:15068: result: yes
configure:15075: checking for u_int16_t
configure:15075: g++ -c -g -O2  conftest.cpp >&5
configure:15075: $? = 0
configure:15075: g++ -c -g -O2  conftest.cpp >&5
conftest.cpp: In function 'int main()':
conftest.cpp:69: error: expected primary-expression before ')' token
configure:15075: $? = 1
configure: failed program was:
| /* confdefs.h */
| #define PACKAGE_NAME "glog"
| #define PACKAGE_TARNAME "glog"
| #define PACKAGE_VERSION "0.3.2"
| #define PACKAGE_STRING "glog 0.3.2"
| #define PACKAGE_BUGREPORT "opensource@google.com"
| #define PACKAGE_URL ""
| #define PACKAGE "glog"
| #define VERSION "0.3.2"
| #define HAVE_SYS_TYPES_H 1
| #define HAVE_SYS_STAT_H 1
| #define HAVE_STDLIB_H 1
| #define HAVE_STRING_H 1
| #define HAVE_MEMORY_H 1
| #define HAVE_STRINGS_H 1
| #define HAVE_INTTYPES_H 1
| #define HAVE_STDINT_H 1
| #define HAVE_UNISTD_H 1
| #define HAVE_DLFCN_H 1
| #define LT_OBJDIR ".libs/"
| #define HAVE_UNISTD_H 1
| #define HAVE_SYSCALL_H 1
| #define HAVE_SYS_SYSCALL_H 1
| #define HAVE_EXECINFO_H 1
| #define HAVE_UCONTEXT_H 1
| #define HAVE_SYS_UTSNAME_H 1
| #define HAVE_PWD_H 1
| #define HAVE_SYSLOG_H 1
| #define HAVE_SYS_TIME_H 1
| #define HAVE_GLOB_H 1
| #define SIZEOF_VOID_P 8
| /* end confdefs.h.  */
| #include <stdio.h>
| #ifdef HAVE_SYS_TYPES_H
| # include <sys/types.h>
| #endif
| #ifdef HAVE_SYS_STAT_H
| # include <sys/stat.h>
| #endif
| #ifdef STDC_HEADERS
| # include <stdlib.h>
| # include <stddef.h>
| #else
| # ifdef HAVE_STDLIB_H
| #  include <stdlib.h>
| # endif
| #endif
| #ifdef HAVE_STRING_H
| # if !defined STDC_HEADERS && defined HAVE_MEMORY_H
| #  include <memory.h>
| # endif
| # include <string.h>
| #endif
| #ifdef HAVE_STRINGS_H
| # include <strings.h>
| #endif
| #ifdef HAVE_INTTYPES_H
| # include <inttypes.h>
| #endif
| #ifdef HAVE_STDINT_H
| # include <stdint.h>
| #endif
| #ifdef HAVE_UNISTD_H
| # include <unistd.h>
| #endif
| int
| main ()
| {
| if (sizeof ((u_int16_t)))
| 	    return 0;
|   ;
|   return 0;
| }
configure:15075: result: yes
configure:15082: checking for __uint16
configure:15082: g++ -c -g -O2  conftest.cpp >&5
conftest.cpp: In function 'int main()':
conftest.cpp:69: error: '__uint16' was not declared in this scope
configure:15082: $? = 1
configure: failed program was:
| /* confdefs.h */
| #define PACKAGE_NAME "glog"
| #define PACKAGE_TARNAME "glog"
| #define PACKAGE_VERSION "0.3.2"
| #define PACKAGE_STRING "glog 0.3.2"
| #define PACKAGE_BUGREPORT "opensource@google.com"
| #define PACKAGE_URL ""
| #define PACKAGE "glog"
| #define VERSION "0.3.2"
| #define HAVE_SYS_TYPES_H 1
| #define HAVE_SYS_STAT_H 1
| #define HAVE_STDLIB_H 1
| #define HAVE_STRING_H 1
| #define HAVE_MEMORY_H 1
| #define HAVE_STRINGS_H 1
| #define HAVE_INTTYPES_H 1
| #define HAVE_STDINT_H 1
| #define HAVE_UNISTD_H 1
| #define HAVE_DLFCN_H 1
| #define LT_OBJDIR ".libs/"
| #define HAVE_UNISTD_H 1
| #define HAVE_SYSCALL_H 1
| #define HAVE_SYS_SYSCALL_H 1
| #define HAVE_EXECINFO_H 1
| #define HAVE_UCONTEXT_H 1
| #define HAVE_SYS_UTSNAME_H 1
| #define HAVE_PWD_H 1
| #define HAVE_SYSLOG_H 1
| #define HAVE_SYS_TIME_H 1
| #define HAVE_GLOB_H 1
| #define SIZEOF_VOID_P 8
| /* end confdefs.h.  */
| #include <stdio.h>
| #ifdef HAVE_SYS_TYPES_H
| # include <sys/types.h>
| #endif
| #ifdef HAVE_SYS_STAT_H
| # include <sys/stat.h>
| #endif
| #ifdef STDC_HEADERS
| # include <stdlib.h>
| # include <stddef.h>
| #else
| # ifdef HAVE_STDLIB_H
| #  include <stdlib.h>
| # endif
| #endif
| #ifdef HAVE_STRING_H
| # if !defined STDC_HEADERS && defined HAVE_MEMORY_H
| #  include <memory.h>
| # endif
| # include <string.h>
| #endif
| #ifdef HAVE_STRINGS_H
| # include <strings.h>
| #endif
| #ifdef HAVE_INTTYPES_H
| # include <inttypes.h>
| #endif
| #ifdef HAVE_STDINT_H
| # include <stdint.h>
| #endif
| #ifdef HAVE_UNISTD_H
| # include <unistd.h>
| #endif
| int
| main ()
| {
| if (sizeof (__uint16))
| 	 return 0;
|   ;
|   return 0;
| }
configure:15082: result: no
configure:15090: checking for sigaltstack
configure:15090: g++ -o conftest -g -O2   conftest.cpp  >&5
configure:15090: $? = 0
configure:15090: result: yes
configure:15097: checking for dladdr
configure:15097: g++ -o conftest -g -O2   conftest.cpp  >&5
/tmp/ccWXM5z9.o: In function `main':
/home/prajwel/AS1UVITLevel2DataPipeline-L2DIST-6.3/as1/LIBS/glog-0.3.2/conftest.cpp:68: undefined reference to `dladdr'
collect2: ld returned 1 exit status
configure:15097: $? = 1
configure: failed program was:
| /* confdefs.h */
| #define PACKAGE_NAME "glog"
| #define PACKAGE_TARNAME "glog"
| #define PACKAGE_VERSION "0.3.2"
| #define PACKAGE_STRING "glog 0.3.2"
| #define PACKAGE_BUGREPORT "opensource@google.com"
| #define PACKAGE_URL ""
| #define PACKAGE "glog"
| #define VERSION "0.3.2"
| #define HAVE_SYS_TYPES_H 1
| #define HAVE_SYS_STAT_H 1
| #define HAVE_STDLIB_H 1
| #define HAVE_STRING_H 1
| #define HAVE_MEMORY_H 1
| #define HAVE_STRINGS_H 1
| #define HAVE_INTTYPES_H 1
| #define HAVE_STDINT_H 1
| #define HAVE_UNISTD_H 1
| #define HAVE_DLFCN_H 1
| #define LT_OBJDIR ".libs/"
| #define HAVE_UNISTD_H 1
| #define HAVE_SYSCALL_H 1
| #define HAVE_SYS_SYSCALL_H 1
| #define HAVE_EXECINFO_H 1
| #define HAVE_UCONTEXT_H 1
| #define HAVE_SYS_UTSNAME_H 1
| #define HAVE_PWD_H 1
| #define HAVE_SYSLOG_H 1
| #define HAVE_SYS_TIME_H 1
| #define HAVE_GLOB_H 1
| #define SIZEOF_VOID_P 8
| #define HAVE_SIGALTSTACK 1
| /* end confdefs.h.  */
| /* Define dladdr to an innocuous variant, in case <limits.h> declares dladdr.
|    For example, HP-UX 11i <limits.h> declares gettimeofday.  */
| #define dladdr innocuous_dladdr
| 
| /* System header to define __stub macros and hopefully few prototypes,
|     which can conflict with char dladdr (); below.
|     Prefer <limits.h> to <assert.h> if __STDC__ is defined, since
|     <limits.h> exists even on freestanding compilers.  */
| 
| #ifdef __STDC__
| # include <limits.h>
| #else
| # include <assert.h>
| #endif
| 
| #undef dladdr
| 
| /* Override any GCC internal prototype to avoid an error.
|    Use char because int might match the return type of a GCC
|    builtin and then its argument prototype would still apply.  */
| #ifdef __cplusplus
| extern "C"
| #endif
| char dladdr ();
| /* The GNU C library defines this for functions which it implements
|     to always fail with ENOSYS.  Some functions are actually named
|     something starting with __ and the normal name is an alias.  */
| #if defined __stub_dladdr || defined __stub___dladdr
| choke me
| #endif
| 
| int
| main ()
| {
| return dladdr ();
|   ;
|   return 0;
| }
configure:15097: result: no
configure:15104: checking for fcntl
configure:15104: g++ -o conftest -g -O2   conftest.cpp  >&5
configure:15104: $? = 0
configure:15104: result: yes
configure:15113: checking for __attribute__
configure:15132: g++ -c -g -O2  conftest.cpp >&5
configure:15132: $? = 0
configure:15146: result: yes
configure:15159: checking for __builtin_expect
configure:15176: g++ -c -g -O2  conftest.cpp >&5
configure:15176: $? = 0
configure:15190: result: yes
configure:15200: checking for __sync_val_compare_and_swap
configure:15217: g++ -o conftest -g -O2   conftest.cpp  >&5
configure:15217: $? = 0
configure:15232: result: yes
configure:15256: g++ -c -g -O2  conftest.cpp >&5
configure:15256: $? = 0
configure:15445: checking for the pthreads library -lpthreads
configure:15478: gcc -o conftest -g -O2    conftest.c -lpthreads  >&5
/usr/bin/ld: cannot find -lpthreads
collect2: ld returned 1 exit status
configure:15478: $? = 1
configure: failed program was:
| /* confdefs.h */
| #define PACKAGE_NAME "glog"
| #define PACKAGE_TARNAME "glog"
| #define PACKAGE_VERSION "0.3.2"
| #define PACKAGE_STRING "glog 0.3.2"
| #define PACKAGE_BUGREPORT "opensource@google.com"
| #define PACKAGE_URL ""
| #define PACKAGE "glog"
| #define VERSION "0.3.2"
| #define HAVE_SYS_TYPES_H 1
| #define HAVE_SYS_STAT_H 1
| #define HAVE_STDLIB_H 1
| #define HAVE_STRING_H 1
| #define HAVE_MEMORY_H 1
| #define HAVE_STRINGS_H 1
| #define HAVE_INTTYPES_H 1
| #define HAVE_STDINT_H 1
| #define HAVE_UNISTD_H 1
| #define HAVE_DLFCN_H 1
| #define LT_OBJDIR ".libs/"
| #define HAVE_UNISTD_H 1
| #define HAVE_SYSCALL_H 1
| #define HAVE_SYS_SYSCALL_H 1
| #define HAVE_EXECINFO_H 1
| #define HAVE_UCONTEXT_H 1
| #define HAVE_SYS_UTSNAME_H 1
| #define HAVE_PWD_H 1
| #define HAVE_SYSLOG_H 1
| #define HAVE_SYS_TIME_H 1
| #define HAVE_GLOB_H 1
| #define SIZEOF_VOID_P 8
| #define HAVE_SIGALTSTACK 1
| #define HAVE_FCNTL 1
| #define HAVE___ATTRIBUTE__ 1
| #define HAVE___BUILTIN_EXPECT 1
| #define HAVE___SYNC_VAL_COMPARE_AND_SWAP 1
| /* end confdefs.h.  */
| #include <pthread.h>
| int
| main ()
| {
| pthread_t th; pthread_join(th, 0);
|                      pthread_attr_init(0); pthread_cleanup_push(0, 0);
|                      pthread_create(0,0,0,0); pthread_cleanup_pop(0);
|   ;
|   return 0;
| }
configure:15487: result: no
configure:15390: checking whether pthreads work without any flags
configure:15478: gcc -o conftest -g -O2    conftest.c   >&5
/tmp/ccdB1IBx.o: In function `main':
/home/prajwel/AS1UVITLevel2DataPipeline-L2DIST-6.3/as1/LIBS/glog-0.3.2/conftest.c:42: undefined reference to `pthread_join'
/home/prajwel/AS1UVITLevel2DataPipeline-L2DIST-6.3/as1/LIBS/glog-0.3.2/conftest.c:43: undefined reference to `__pthread_register_cancel'
/home/prajwel/AS1UVITLevel2DataPipeline-L2DIST-6.3/as1/LIBS/glog-0.3.2/conftest.c:44: undefined reference to `pthread_create'
/home/prajwel/AS1UVITLevel2DataPipeline-L2DIST-6.3/as1/LIBS/glog-0.3.2/conftest.c:44: undefined reference to `__pthread_unregister_cancel'
collect2: ld returned 1 exit status
configure:15478: $? = 1
configure: failed program was:
| /* confdefs.h */
| #define PACKAGE_NAME "glog"
| #define PACKAGE_TARNAME "glog"
| #define PACKAGE_VERSION "0.3.2"
| #define PACKAGE_STRING "glog 0.3.2"
| #define PACKAGE_BUGREPORT "opensource@google.com"
| #define PACKAGE_URL ""
| #define PACKAGE "glog"
| #define VERSION "0.3.2"
| #define HAVE_SYS_TYPES_H 1
| #define HAVE_SYS_STAT_H 1
| #define HAVE_STDLIB_H 1
| #define HAVE_STRING_H 1
| #define HAVE_MEMORY_H 1
| #define HAVE_STRINGS_H 1
| #define HAVE_INTTYPES_H 1
| #define HAVE_STDINT_H 1
| #define HAVE_UNISTD_H 1
| #define HAVE_DLFCN_H 1
| #define LT_OBJDIR ".libs/"
| #define HAVE_UNISTD_H 1
| #define HAVE_SYSCALL_H 1
| #define HAVE_SYS_SYSCALL_H 1
| #define HAVE_EXECINFO_H 1
| #define HAVE_UCONTEXT_H 1
| #define HAVE_SYS_UTSNAME_H 1
| #define HAVE_PWD_H 1
| #define HAVE_SYSLOG_H 1
| #define HAVE_SYS_TIME_H 1
| #define HAVE_GLOB_H 1
| #define SIZEOF_VOID_P 8
| #define HAVE_SIGALTSTACK 1
| #define HAVE_FCNTL 1
| #define HAVE___ATTRIBUTE__ 1
| #define HAVE___BUILTIN_EXPECT 1
| #define HAVE___SYNC_VAL_COMPARE_AND_SWAP 1
| /* end confdefs.h.  */
| #include <pthread.h>
| int
| main ()
| {
| pthread_t th; pthread_join(th, 0);
|                      pthread_attr_init(0); pthread_cleanup_push(0, 0);
|                      pthread_create(0,0,0,0); pthread_cleanup_pop(0);
|   ;
|   return 0;
| }
configure:15487: result: no
configure:15395: checking whether pthreads work with -Kthread
configure:15478: gcc -o conftest -g -O2 -Kthread   conftest.c   >&5
gcc: unrecognized option '-Kthread'
/tmp/ccOXS7Ez.o: In function `main':
/home/prajwel/AS1UVITLevel2DataPipeline-L2DIST-6.3/as1/LIBS/glog-0.3.2/conftest.c:42: undefined reference to `pthread_join'
/home/prajwel/AS1UVITLevel2DataPipeline-L2DIST-6.3/as1/LIBS/glog-0.3.2/conftest.c:43: undefined reference to `__pthread_register_cancel'
/home/prajwel/AS1UVITLevel2DataPipeline-L2DIST-6.3/as1/LIBS/glog-0.3.2/conftest.c:44: undefined reference to `pthread_create'
/home/prajwel/AS1UVITLevel2DataPipeline-L2DIST-6.3/as1/LIBS/glog-0.3.2/conftest.c:44: undefined reference to `__pthread_unregister_cancel'
collect2: ld returned 1 exit status
configure:15478: $? = 1
configure: failed program was:
| /* confdefs.h */
| #define PACKAGE_NAME "glog"
| #define PACKAGE_TARNAME "glog"
| #define PACKAGE_VERSION "0.3.2"
| #define PACKAGE_STRING "glog 0.3.2"
| #define PACKAGE_BUGREPORT "opensource@google.com"
| #define PACKAGE_URL ""
| #define PACKAGE "glog"
| #define VERSION "0.3.2"
| #define HAVE_SYS_TYPES_H 1
| #define HAVE_SYS_STAT_H 1
| #define HAVE_STDLIB_H 1
| #define HAVE_STRING_H 1
| #define HAVE_MEMORY_H 1
| #define HAVE_STRINGS_H 1
| #define HAVE_INTTYPES_H 1
| #define HAVE_STDINT_H 1
| #define HAVE_UNISTD_H 1
| #define HAVE_DLFCN_H 1
| #define LT_OBJDIR ".libs/"
| #define HAVE_UNISTD_H 1
| #define HAVE_SYSCALL_H 1
| #define HAVE_SYS_SYSCALL_H 1
| #define HAVE_EXECINFO_H 1
| #define HAVE_UCONTEXT_H 1
| #define HAVE_SYS_UTSNAME_H 1
| #define HAVE_PWD_H 1
| #define HAVE_SYSLOG_H 1
| #define HAVE_SYS_TIME_H 1
| #define HAVE_GLOB_H 1
| #define SIZEOF_VOID_P 8
| #define HAVE_SIGALTSTACK 1
| #define HAVE_FCNTL 1
| #define HAVE___ATTRIBUTE__ 1
| #define HAVE___BUILTIN_EXPECT 1
| #define HAVE___SYNC_VAL_COMPARE_AND_SWAP 1
| /* end confdefs.h.  */
| #include <pthread.h>
| int
| main ()
| {
| pthread_t th; pthread_join(th, 0);
|                      pthread_attr_init(0); pthread_cleanup_push(0, 0);
|                      pthread_create(0,0,0,0); pthread_cleanup_pop(0);
|   ;
|   return 0;
| }
configure:15487: result: no
configure:15395: checking whether pthreads work with -kthread
configure:15478: gcc -o conftest -g -O2 -kthread   conftest.c   >&5
gcc: unrecognized option '-kthread'
/tmp/ccYkOGsC.o: In function `main':
/home/prajwel/AS1UVITLevel2DataPipeline-L2DIST-6.3/as1/LIBS/glog-0.3.2/conftest.c:42: undefined reference to `pthread_join'
/home/prajwel/AS1UVITLevel2DataPipeline-L2DIST-6.3/as1/LIBS/glog-0.3.2/conftest.c:43: undefined reference to `__pthread_register_cancel'
/home/prajwel/AS1UVITLevel2DataPipeline-L2DIST-6.3/as1/LIBS/glog-0.3.2/conftest.c:44: undefined reference to `pthread_create'
/home/prajwel/AS1UVITLevel2DataPipeline-L2DIST-6.3/as1/LIBS/glog-0.3.2/conftest.c:44: undefined reference to `__pthread_unregister_cancel'
collect2: ld returned 1 exit status
configure:15478: $? = 1
configure: failed program was:
| /* confdefs.h */
| #define PACKAGE_NAME "glog"
| #define PACKAGE_TARNAME "glog"
| #define PACKAGE_VERSION "0.3.2"
| #define PACKAGE_STRING "glog 0.3.2"
| #define PACKAGE_BUGREPORT "opensource@google.com"
| #define PACKAGE_URL ""
| #define PACKAGE "glog"
| #define VERSION "0.3.2"
| #define HAVE_SYS_TYPES_H 1
| #define HAVE_SYS_STAT_H 1
| #define HAVE_STDLIB_H 1
| #define HAVE_STRING_H 1
| #define HAVE_MEMORY_H 1
| #define HAVE_STRINGS_H 1
| #define HAVE_INTTYPES_H 1
| #define HAVE_STDINT_H 1
| #define HAVE_UNISTD_H 1
| #define HAVE_DLFCN_H 1
| #define LT_OBJDIR ".libs/"
| #define HAVE_UNISTD_H 1
| #define HAVE_SYSCALL_H 1
| #define HAVE_SYS_SYSCALL_H 1
| #define HAVE_EXECINFO_H 1
| #define HAVE_UCONTEXT_H 1
| #define HAVE_SYS_UTSNAME_H 1
| #define HAVE_PWD_H 1
| #define HAVE_SYSLOG_H 1
| #define HAVE_SYS_TIME_H 1
| #define HAVE_GLOB_H 1
| #define SIZEOF_VOID_P 8
| #define HAVE_SIGALTSTACK 1
| #define HAVE_FCNTL 1
| #define HAVE___ATTRIBUTE__ 1
| #define HAVE___BUILTIN_EXPECT 1
| #define HAVE___SYNC_VAL_COMPARE_AND_SWAP 1
| /* end confdefs.h.  */
| #include <pthread.h>
| int
| main ()
| {
| pthread_t th; pthread_join(th, 0);
|                      pthread_attr_init(0); pthread_cleanup_push(0, 0);
|                      pthread_create(0,0,0,0); pthread_cleanup_pop(0);
|   ;
|   return 0;
| }
configure:15487: result: no
configure:15445: checking for the pthreads library -llthread
configure:15478: gcc -o conftest -g -O2    conftest.c -llthread  >&5
/usr/bin/ld: cannot find -llthread
collect2: ld returned 1 exit status
configure:15478: $? = 1
configure: failed program was:
| /* confdefs.h */
| #define PACKAGE_NAME "glog"
| #define PACKAGE_TARNAME "glog"
| #define PACKAGE_VERSION "0.3.2"
| #define PACKAGE_STRING "glog 0.3.2"
| #define PACKAGE_BUGREPORT "opensource@google.com"
| #define PACKAGE_URL ""
| #define PACKAGE "glog"
| #define VERSION "0.3.2"
| #define HAVE_SYS_TYPES_H 1
| #define HAVE_SYS_STAT_H 1
| #define HAVE_STDLIB_H 1
| #define HAVE_STRING_H 1
| #define HAVE_MEMORY_H 1
| #define HAVE_STRINGS_H 1
| #define HAVE_INTTYPES_H 1
| #define HAVE_STDINT_H 1
| #define HAVE_UNISTD_H 1
| #define HAVE_DLFCN_H 1
| #define LT_OBJDIR ".libs/"
| #define HAVE_UNISTD_H 1
| #define HAVE_SYSCALL_H 1
| #define HAVE_SYS_SYSCALL_H 1
| #define HAVE_EXECINFO_H 1
| #define HAVE_UCONTEXT_H 1
| #define HAVE_SYS_UTSNAME_H 1
| #define HAVE_PWD_H 1
| #define HAVE_SYSLOG_H 1
| #define HAVE_SYS_TIME_H 1
| #define HAVE_GLOB_H 1
| #define SIZEOF_VOID_P 8
| #define HAVE_SIGALTSTACK 1
| #define HAVE_FCNTL 1
| #define HAVE___ATTRIBUTE__ 1
| #define HAVE___BUILTIN_EXPECT 1
| #define HAVE___SYNC_VAL_COMPARE_AND_SWAP 1
| /* end confdefs.h.  */
| #include <pthread.h>
| int
| main ()
| {
| pthread_t th; pthread_join(th, 0);
|                      pthread_attr_init(0); pthread_cleanup_push(0, 0);
|                      pthread_create(0,0,0,0); pthread_cleanup_pop(0);
|   ;
|   return 0;
| }
configure:15487: result: no
configure:15395: checking whether pthreads work with -pthread
configure:15478: gcc -o conftest -g -O2 -pthread   conftest.c   >&5
configure:15478: $? = 0
configure:15487: result: yes
configure:15506: checking for joinable pthread attribute
configure:15521: gcc -o conftest -g -O2 -pthread   conftest.c   >&5
configure:15521: $? = 0
configure:15527: result: PTHREAD_CREATE_JOINABLE
configure:15537: checking if more special flags are required for pthreads
configure:15544: result: no
configure:15633: checking whether to check for GCC pthread/shared inconsistencies
configure:15646: gcc -o conftest -shared -fPIC -Wl,-z,defs -g -O2 -pthread   conftest.c   >&5
configure:15646: $? = 0
configure:15658: result: yes
configure:15664: checking whether -pthread is sufficient with -shared
configure:15679: gcc -o conftest -shared -fPIC -Wl,-z,defs -g -O2 -pthread   conftest.c   >&5
configure:15679: $? = 0
configure:15686: result: yes
configure:15805: checking for pthread_self in -lpthread
configure:15830: g++ -o conftest -g -O2   conftest.cpp -lpthread   >&5
configure:15830: $? = 0
configure:15839: result: yes
configure:15865: checking for main in -lgflags
configure:15884: g++ -o conftest -g -O2   conftest.cpp -lgflags  -lpthread  >&5
/usr/bin/ld: cannot find -lgflags
collect2: ld returned 1 exit status
configure:15884: $? = 1
configure: failed program was:
| /* confdefs.h */
| #define PACKAGE_NAME "glog"
| #define PACKAGE_TARNAME "glog"
| #define PACKAGE_VERSION "0.3.2"
| #define PACKAGE_STRING "glog 0.3.2"
| #define PACKAGE_BUGREPORT "opensource@google.com"
| #define PACKAGE_URL ""
| #define PACKAGE "glog"
| #define VERSION "0.3.2"
| #define HAVE_SYS_TYPES_H 1
| #define HAVE_SYS_STAT_H 1
| #define HAVE_STDLIB_H 1
| #define HAVE_STRING_H 1
| #define HAVE_MEMORY_H 1
| #define HAVE_STRINGS_H 1
| #define HAVE_INTTYPES_H 1
| #define HAVE_STDINT_H 1
| #define HAVE_UNISTD_H 1
| #define HAVE_DLFCN_H 1
| #define LT_OBJDIR ".libs/"
| #define HAVE_UNISTD_H 1
| #define HAVE_SYSCALL_H 1
| #define HAVE_SYS_SYSCALL_H 1
| #define HAVE_EXECINFO_H 1
| #define HAVE_UCONTEXT_H 1
| #define HAVE_SYS_UTSNAME_H 1
| #define HAVE_PWD_H 1
| #define HAVE_SYSLOG_H 1
| #define HAVE_SYS_TIME_H 1
| #define HAVE_GLOB_H 1
| #define SIZEOF_VOID_P 8
| #define HAVE_SIGALTSTACK 1
| #define HAVE_FCNTL 1
| #define HAVE___ATTRIBUTE__ 1
| #define HAVE___BUILTIN_EXPECT 1
| #define HAVE___SYNC_VAL_COMPARE_AND_SWAP 1
| #define HAVE_PTHREAD 1
| #define HAVE_LIBPTHREAD 1
| /* end confdefs.h.  */
| 
| 
| int
| main ()
| {
| return main ();
|   ;
|   return 0;
| }
configure:15893: result: no
configure:15920: checking for gtest-config
configure:15950: result: no
configure:16082: checking support for pthread_rwlock_* functions
configure:16108: gcc -c -g -O2  conftest.c >&5
configure:16108: $? = 0
configure:16122: result: yes
configure:16133: checking whether the compiler implements namespaces
configure:16157: g++ -c -g -O2  conftest.cpp >&5
configure:16157: $? = 0
configure:16170: result: yes
configure:16177: checking what namespace STL code is in
configure:16201: g++ -c -g -O2  conftest.cpp >&5
conftest.cpp: In function 'int main()':
conftest.cpp:46: error: 'vector' was not declared in this scope
conftest.cpp:46: error: expected primary-expression before 'int'
conftest.cpp:46: error: expected ';' before 'int'
configure:16201: $? = 1
configure: failed program was:
| /* confdefs.h */
| #define PACKAGE_NAME "glog"
| #define PACKAGE_TARNAME "glog"
| #define PACKAGE_VERSION "0.3.2"
| #define PACKAGE_STRING "glog 0.3.2"
| #define PACKAGE_BUGREPORT "opensource@google.com"
| #define PACKAGE_URL ""
| #define PACKAGE "glog"
| #define VERSION "0.3.2"
| #define HAVE_SYS_TYPES_H 1
| #define HAVE_SYS_STAT_H 1
| #define HAVE_STDLIB_H 1
| #define HAVE_STRING_H 1
| #define HAVE_MEMORY_H 1
| #define HAVE_STRINGS_H 1
| #define HAVE_INTTYPES_H 1
| #define HAVE_STDINT_H 1
| #define HAVE_UNISTD_H 1
| #define HAVE_DLFCN_H 1
| #define LT_OBJDIR ".libs/"
| #define HAVE_UNISTD_H 1
| #define HAVE_SYSCALL_H 1
| #define HAVE_SYS_SYSCALL_H 1
| #define HAVE_EXECINFO_H 1
| #define HAVE_UCONTEXT_H 1
| #define HAVE_SYS_UTSNAME_H 1
| #define HAVE_PWD_H 1
| #define HAVE_SYSLOG_H 1
| #define HAVE_SYS_TIME_H 1
| #define HAVE_GLOB_H 1
| #define SIZEOF_VOID_P 8
| #define HAVE_SIGALTSTACK 1
| #define HAVE_FCNTL 1
| #define HAVE___ATTRIBUTE__ 1
| #define HAVE___BUILTIN_EXPECT 1
| #define HAVE___SYNC_VAL_COMPARE_AND_SWAP 1
| #define HAVE_PTHREAD 1
| #define HAVE_LIBPTHREAD 1
| #define HAVE_RWLOCK 1
| #define HAVE_NAMESPACES 1
| /* end confdefs.h.  */
| #include <vector>
| int
| main ()
| {
| vector<int> t; return 0;
|   ;
|   return 0;
| }
configure:16216: g++ -c -g -O2  conftest.cpp >&5
configure:16216: $? = 0
configure:16227: result: std
configure:16278: checking whether compiler supports using ::operator<<
configure:16302: g++ -c -g -O2  conftest.cpp >&5
configure:16302: $? = 0
configure:16315: result: 1
configure:16325: checking for ucontext.h
configure:16325: result: yes
configure:16337: checking sys/ucontext.h usability
configure:16337: g++ -c -g -O2  conftest.cpp >&5
configure:16337: $? = 0
configure:16337: result: yes
configure:16337: checking sys/ucontext.h presence
configure:16337: g++ -E  conftest.cpp
configure:16337: $? = 0
configure:16337: result: yes
configure:16337: checking for sys/ucontext.h
configure:16337: result: yes
configure:16347: checking how to access the program counter from a struct ucontext
configure:16382: g++ -c -g -O2  conftest.cpp >&5
conftest.cpp: In function 'int main()':
conftest.cpp:54: error: 'REG_PC' was not declared in this scope
configure:16382: $? = 1
configure: failed program was:
| /* confdefs.h */
| #define PACKAGE_NAME "glog"
| #define PACKAGE_TARNAME "glog"
| #define PACKAGE_VERSION "0.3.2"
| #define PACKAGE_STRING "glog 0.3.2"
| #define PACKAGE_BUGREPORT "opensource@google.com"
| #define PACKAGE_URL ""
| #define PACKAGE "glog"
| #define VERSION "0.3.2"
| #define HAVE_SYS_TYPES_H 1
| #define HAVE_SYS_STAT_H 1
| #define HAVE_STDLIB_H 1
| #define HAVE_STRING_H 1
| #define HAVE_MEMORY_H 1
| #define HAVE_STRINGS_H 1
| #define HAVE_INTTYPES_H 1
| #define HAVE_STDINT_H 1
| #define HAVE_UNISTD_H 1
| #define HAVE_DLFCN_H 1
| #define LT_OBJDIR ".libs/"
| #define HAVE_UNISTD_H 1
| #define HAVE_SYSCALL_H 1
| #define HAVE_SYS_SYSCALL_H 1
| #define HAVE_EXECINFO_H 1
| #define HAVE_UCONTEXT_H 1
| #define HAVE_SYS_UTSNAME_H 1
| #define HAVE_PWD_H 1
| #define HAVE_SYSLOG_H 1
| #define HAVE_SYS_TIME_H 1
| #define HAVE_GLOB_H 1
| #define SIZEOF_VOID_P 8
| #define HAVE_SIGALTSTACK 1
| #define HAVE_FCNTL 1
| #define HAVE___ATTRIBUTE__ 1
| #define HAVE___BUILTIN_EXPECT 1
| #define HAVE___SYNC_VAL_COMPARE_AND_SWAP 1
| #define HAVE_PTHREAD 1
| #define HAVE_LIBPTHREAD 1
| #define HAVE_RWLOCK 1
| #define HAVE_NAMESPACES 1
| #define STL_NAMESPACE std
| #define GOOGLE_NAMESPACE google
| #define _START_GOOGLE_NAMESPACE_ namespace google {
| #define _END_GOOGLE_NAMESPACE_ }
| #define HAVE_USING_OPERATOR 1
| #define HAVE_UCONTEXT_H 1
| #define HAVE_SYS_UCONTEXT_H 1
| /* end confdefs.h.  */
| #define _GNU_SOURCE 1
|                          #include <sys/ucontext.h>
| int
| main ()
| {
| ucontext_t u; return u.uc_mcontext.gregs[REG_PC] == 0;
|   ;
|   return 0;
| }
configure:16382: g++ -c -g -O2  conftest.cpp >&5
conftest.cpp: In function 'int main()':
conftest.cpp:54: error: 'REG_EIP' was not declared in this scope
configure:16382: $? = 1
configure: failed program was:
| /* confdefs.h */
| #define PACKAGE_NAME "glog"
| #define PACKAGE_TARNAME "glog"
| #define PACKAGE_VERSION "0.3.2"
| #define PACKAGE_STRING "glog 0.3.2"
| #define PACKAGE_BUGREPORT "opensource@google.com"
| #define PACKAGE_URL ""
| #define PACKAGE "glog"
| #define VERSION "0.3.2"
| #define HAVE_SYS_TYPES_H 1
| #define HAVE_SYS_STAT_H 1
| #define HAVE_STDLIB_H 1
| #define HAVE_STRING_H 1
| #define HAVE_MEMORY_H 1
| #define HAVE_STRINGS_H 1
| #define HAVE_INTTYPES_H 1
| #define HAVE_STDINT_H 1
| #define HAVE_UNISTD_H 1
| #define HAVE_DLFCN_H 1
| #define LT_OBJDIR ".libs/"
| #define HAVE_UNISTD_H 1
| #define HAVE_SYSCALL_H 1
| #define HAVE_SYS_SYSCALL_H 1
| #define HAVE_EXECINFO_H 1
| #define HAVE_UCONTEXT_H 1
| #define HAVE_SYS_UTSNAME_H 1
| #define HAVE_PWD_H 1
| #define HAVE_SYSLOG_H 1
| #define HAVE_SYS_TIME_H 1
| #define HAVE_GLOB_H 1
| #define SIZEOF_VOID_P 8
| #define HAVE_SIGALTSTACK 1
| #define HAVE_FCNTL 1
| #define HAVE___ATTRIBUTE__ 1
| #define HAVE___BUILTIN_EXPECT 1
| #define HAVE___SYNC_VAL_COMPARE_AND_SWAP 1
| #define HAVE_PTHREAD 1
| #define HAVE_LIBPTHREAD 1
| #define HAVE_RWLOCK 1
| #define HAVE_NAMESPACES 1
| #define STL_NAMESPACE std
| #define GOOGLE_NAMESPACE google
| #define _START_GOOGLE_NAMESPACE_ namespace google {
| #define _END_GOOGLE_NAMESPACE_ }
| #define HAVE_USING_OPERATOR 1
| #define HAVE_UCONTEXT_H 1
| #define HAVE_SYS_UCONTEXT_H 1
| /* end confdefs.h.  */
| #define _GNU_SOURCE 1
|                          #include <sys/ucontext.h>
| int
| main ()
| {
| ucontext_t u; return u.uc_mcontext.gregs[REG_EIP] == 0;
|   ;
|   return 0;
| }
configure:16382: g++ -c -g -O2  conftest.cpp >&5
configure:16382: $? = 0
configure:16388: result: uc_mcontext.gregs[REG_RIP]
configure:16643: creating ./config.status

## ---------------------- ##
## Running config.status. ##
## ---------------------- ##

This file was extended by glog config.status 0.3.2, which was
generated by GNU Autoconf 2.69.  Invocation command line was

  CONFIG_FILES    = 
  CONFIG_HEADERS  = 
  CONFIG_LINKS    = 
  CONFIG_COMMANDS = 
  $ ./config.status 

on uvit3.iiap.res.in

config.status:1191: creating Makefile
config.status:1191: creating src/glog/logging.h
config.status:1191: creating src/glog/raw_logging.h
config.status:1191: creating src/glog/vlog_is_on.h
config.status:1191: creating src/glog/stl_logging.h
config.status:1191: creating libglog.pc
config.status:1191: creating src/config.h
config.status:1372: src/config.h is unchanged
config.status:1420: executing depfiles commands
config.status:1420: executing libtool commands

## ---------------- ##
## Cache variables. ##
## ---------------- ##

ac_cv___attribute__=yes
ac_cv___attribute___noreturn='__attribute__ ((noreturn))'
ac_cv___attribute___printf_4_5='__attribute__((__format__ (__printf__, 4, 5)))'
ac_cv___builtin_expect=yes
ac_cv___sync_val_compare_and_swap=yes
ac_cv_build=x86_64-unknown-linux-gnu
ac_cv_c_compiler_gnu=yes
ac_cv_cxx_compiler_gnu=yes
ac_cv_cxx_namespaces=yes
ac_cv_cxx_stl_namespace=std
ac_cv_cxx_using_operator=1
ac_cv_env_CCC_set=
ac_cv_env_CCC_value=
ac_cv_env_CC_set=
ac_cv_env_CC_value=
ac_cv_env_CFLAGS_set=
ac_cv_env_CFLAGS_value=
ac_cv_env_CPPFLAGS_set=
ac_cv_env_CPPFLAGS_value=
ac_cv_env_CPP_set=
ac_cv_env_CPP_value=
ac_cv_env_CXXCPP_set=
ac_cv_env_CXXCPP_value=
ac_cv_env_CXXFLAGS_set=
ac_cv_env_CXXFLAGS_value=
ac_cv_env_CXX_set=
ac_cv_env_CXX_value=
ac_cv_env_LDFLAGS_set=
ac_cv_env_LDFLAGS_value=
ac_cv_env_LIBS_set=
ac_cv_env_LIBS_value=
ac_cv_env_build_alias_set=
ac_cv_env_build_alias_value=
ac_cv_env_host_alias_set=
ac_cv_env_host_alias_value=
ac_cv_env_target_alias_set=
ac_cv_env_target_alias_value=
ac_cv_func_dladdr=no
ac_cv_func_fcntl=yes
ac_cv_func_sigaltstack=yes
ac_cv_have___builtin_expect=1
ac_cv_have___uint16=0
ac_cv_have_inttypes_h=1
ac_cv_have_libgflags=0
ac_cv_have_libunwind_h=0
ac_cv_have_stdint_h=1
ac_cv_have_systypes_h=1
ac_cv_have_u_int16_t=1
ac_cv_have_uint16_t=1
ac_cv_have_unistd_h=1
ac_cv_header_dlfcn_h=yes
ac_cv_header_execinfo_h=yes
ac_cv_header_glob_h=yes
ac_cv_header_inttypes_h=yes
ac_cv_header_libunwind_h=no
ac_cv_header_memory_h=yes
ac_cv_header_pwd_h=yes
ac_cv_header_stdc=no
ac_cv_header_stdint_h=yes
ac_cv_header_stdlib_h=yes
ac_cv_header_string_h=yes
ac_cv_header_strings_h=yes
ac_cv_header_sys_stat_h=yes
ac_cv_header_sys_syscall_h=yes
ac_cv_header_sys_time_h=yes
ac_cv_header_sys_types_h=yes
ac_cv_header_sys_ucontext_h=yes
ac_cv_header_sys_utsname_h=yes
ac_cv_header_syscall_h=yes
ac_cv_header_syslog_h=yes
ac_cv_header_ucontext_h=yes
ac_cv_header_unistd_h=yes
ac_cv_host=x86_64-unknown-linux-gnu
ac_cv_lib_gflags_main=no
ac_cv_lib_pthread_pthread_self=yes
ac_cv_objext=o
ac_cv_path_EGREP='/bin/grep -E'
ac_cv_path_FGREP='/bin/grep -F'
ac_cv_path_GREP=/bin/grep
ac_cv_path_SED=/bin/sed
ac_cv_path_install='/usr/bin/install -c'
ac_cv_path_mkdir=/bin/mkdir
ac_cv_prog_AWK=gawk
ac_cv_prog_CPP='gcc -E'
ac_cv_prog_CXXCPP='g++ -E'
ac_cv_prog_ac_ct_AR=ar
ac_cv_prog_ac_ct_CC=gcc
ac_cv_prog_ac_ct_CXX=g++
ac_cv_prog_ac_ct_OBJDUMP=objdump
ac_cv_prog_ac_ct_RANLIB=ranlib
ac_cv_prog_ac_ct_STRIP=strip
ac_cv_prog_cc_c89=
ac_cv_prog_cc_g=yes
ac_cv_prog_cxx_g=yes
ac_cv_prog_make_make_set=yes
ac_cv_rwlock=yes
ac_cv_sizeof_void_p=8
ac_cv_type___uint16=no
ac_cv_type_u_int16_t=yes
ac_cv_type_uint16_t=yes
am_cv_CC_dependencies_compiler_type=gcc3
am_cv_CXX_dependencies_compiler_type=gcc3
lt_cv_deplibs_check_method=pass_all
lt_cv_file_magic_cmd='$MAGIC_CMD'
lt_cv_file_magic_test_file=
lt_cv_ld_reload_flag=-r
lt_cv_nm_interface='BSD nm'
lt_cv_objdir=.libs
lt_cv_path_LD=/usr/bin/ld
lt_cv_path_LDCXX='/usr/bin/ld -m elf_x86_64'
lt_cv_path_NM='/usr/bin/nm -B'
lt_cv_prog_compiler_c_o=yes
lt_cv_prog_compiler_c_o_CXX=yes
lt_cv_prog_compiler_pic_works=yes
lt_cv_prog_compiler_pic_works_CXX=yes
lt_cv_prog_compiler_rtti_exceptions=no
lt_cv_prog_compiler_static_works=no
lt_cv_prog_compiler_static_works_CXX=no
lt_cv_prog_gnu_ld=yes
lt_cv_prog_gnu_ldcxx=yes
lt_cv_sys_global_symbol_pipe='sed -n -e '\''s/^.*[	 ]\([ABCDGIRSTW][ABCDGIRSTW]*\)[	 ][	 ]*\([_A-Za-z][_A-Za-z0-9]*\)$/\1 \2 \2/p'\'''
lt_cv_sys_global_symbol_to_c_name_address='sed -n -e '\''s/^: \([^ ]*\) $/  {\"\1\", (void *) 0},/p'\'' -e '\''s/^[ABCDGIRSTW]* \([^ ]*\) \([^ ]*\)$/  {"\2", (void *) \&\2},/p'\'''
lt_cv_sys_global_symbol_to_c_name_address_lib_prefix='sed -n -e '\''s/^: \([^ ]*\) $/  {\"\1\", (void *) 0},/p'\'' -e '\''s/^[ABCDGIRSTW]* \([^ ]*\) \(lib[^ ]*\)$/  {"\2", (void *) \&\2},/p'\'' -e '\''s/^[ABCDGIRSTW]* \([^ ]*\) \([^ ]*\)$/  {"lib\2", (void *) \&\2},/p'\'''
lt_cv_sys_global_symbol_to_cdecl='sed -n -e '\''s/^T .* \(.*\)$/extern int \1();/p'\'' -e '\''s/^[ABCDGIRSTW]* .* \(.*\)$/extern char \1;/p'\'''
lt_cv_sys_max_cmd_len=1966080

## ----------------- ##
## Output variables. ##
## ----------------- ##

ACLOCAL='${SHELL} /home/prajwel/AS1UVITLevel2DataPipeline-L2DIST-6.3/as1/LIBS/glog-0.3.2/missing --run aclocal-1.11'
AMDEPBACKSLASH='\'
AMDEP_FALSE='#'
AMDEP_TRUE=''
AMTAR='${SHELL} /home/prajwel/AS1UVITLevel2DataPipeline-L2DIST-6.3/as1/LIBS/glog-0.3.2/missing --run tar'
AR='ar'
AUTOCONF='${SHELL} /home/prajwel/AS1UVITLevel2DataPipeline-L2DIST-6.3/as1/LIBS/glog-0.3.2/missing --run autoconf'
AUTOHEADER='${SHELL} /home/prajwel/AS1UVITLevel2DataPipeline-L2DIST-6.3/as1/LIBS/glog-0.3.2/missing --run autoheader'
AUTOMAKE='${SHELL} /home/prajwel/AS1UVITLevel2DataPipeline-L2DIST-6.3/as1/LIBS/glog-0.3.2/missing --run automake-1.11'
AWK='gawk'
CC='gcc'
CCDEPMODE='depmode=gcc3'
CFLAGS='-g -O2'
CPP='gcc -E'
CPPFLAGS=''
CXX='g++'
CXXCPP='g++ -E'
CXXDEPMODE='depmode=gcc3'
CXXFLAGS='-g -O2'
CYGPATH_W='echo'
DEFS='-DHAVE_CONFIG_H'
DEPDIR='.deps'
DSYMUTIL=''
DUMPBIN=''
ECHO_C=''
ECHO_N='-n'
ECHO_T=''
EGREP='/bin/grep -E'
ENABLE_FRAME_POINTERS_FALSE=''
ENABLE_FRAME_POINTERS_TRUE='#'
EXEEXT=''
FGREP='/bin/grep -F'
GCC_FALSE='#'
GCC_TRUE=''
GFLAGS_CFLAGS=''
GFLAGS_LIBS=''
GMOCK_CFLAGS=''
GMOCK_CONFIG=''
GMOCK_LIBS=''
GREP='/bin/grep'
GTEST_CFLAGS=''
GTEST_CONFIG=''
GTEST_LIBS=''
HAVE_GMOCK_FALSE=''
HAVE_GMOCK_TRUE='#'
INSTALL_DATA='${INSTALL} -m 644'
INSTALL_PROGRAM='${INSTALL}'
INSTALL_SCRIPT='${INSTALL}'
INSTALL_STRIP_PROGRAM='$(install_sh) -c -s'
LD='/usr/bin/ld -m elf_x86_64'
LDFLAGS=''
LIBOBJS=''
LIBS='-lpthread '
LIBTOOL='$(SHELL) $(top_builddir)/libtool'
LIBTOOL_DEPS='./ltmain.sh'
LIPO=''
LN_S='ln -s'
LTLIBOBJS=''
MAKEINFO='${SHELL} /home/prajwel/AS1UVITLevel2DataPipeline-L2DIST-6.3/as1/LIBS/glog-0.3.2/missing --run makeinfo'
MKDIR_P='/bin/mkdir -p'
NM='/usr/bin/nm -B'
NMEDIT=''
OBJDUMP='objdump'
OBJEXT='o'
OTOOL64=''
OTOOL=''
PACKAGE='glog'
PACKAGE_BUGREPORT='opensource@google.com'
PACKAGE_NAME='glog'
PACKAGE_STRING='glog 0.3.2'
PACKAGE_TARNAME='glog'
PACKAGE_URL=''
PACKAGE_VERSION='0.3.2'
PATH_SEPARATOR=':'
PTHREAD_CC='gcc'
PTHREAD_CFLAGS='-pthread'
PTHREAD_LIBS=''
RANLIB='ranlib'
SED='/bin/sed'
SET_MAKE=''
SHELL='/bin/sh'
STRIP='strip'
UNWIND_LIBS=''
VERSION='0.3.2'
X86_64_FALSE='#'
X86_64_TRUE=''
ac_ct_CC='gcc'
ac_ct_CXX='g++'
ac_ct_DUMPBIN=''
ac_cv___attribute___noreturn='__attribute__ ((noreturn))'
ac_cv___attribute___printf_4_5='__attribute__((__format__ (__printf__, 4, 5)))'
ac_cv_cxx_using_operator='1'
ac_cv_have___builtin_expect='1'
ac_cv_have___uint16='0'
ac_cv_have_inttypes_h='1'
ac_cv_have_libgflags='0'
ac_cv_have_stdint_h='1'
ac_cv_have_systypes_h='1'
ac_cv_have_u_int16_t='1'
ac_cv_have_uint16_t='1'
ac_cv_have_unistd_h='1'
ac_google_end_namespace='}'
ac_google_namespace='google'
ac_google_start_namespace='namespace google {'
acx_pthread_config=''
am__EXEEXT_FALSE=''
am__EXEEXT_TRUE='#'
am__fastdepCC_FALSE='#'
am__fastdepCC_TRUE=''
am__fastdepCXX_FALSE='#'
am__fastdepCXX_TRUE=''
am__include='include'
am__isrc=''
am__leading_dot='.'
am__quote=''
am__tar='${AMTAR} chof - "$$tardir"'
am__untar='${AMTAR} xf -'
bindir='${exec_prefix}/bin'
build='x86_64-unknown-linux-gnu'
build_alias=''
build_cpu='x86_64'
build_os='linux-gnu'
build_vendor='unknown'
datadir='${datarootdir}'
datarootdir='${prefix}/share'
docdir='${datarootdir}/doc/${PACKAGE_TARNAME}'
dvidir='${docdir}'
exec_prefix='${prefix}'
host='x86_64-unknown-linux-gnu'
host_alias=''
host_cpu='x86_64'
host_os='linux-gnu'
host_vendor='unknown'
htmldir='${docdir}'
includedir='${prefix}/include'
infodir='${datarootdir}/info'
install_sh='${SHELL} /home/prajwel/AS1UVITLevel2DataPipeline-L2DIST-6.3/as1/LIBS/glog-0.3.2/install-sh'
libdir='${exec_prefix}/lib'
libexecdir='${exec_prefix}/libexec'
localedir='${datarootdir}/locale'
localstatedir='${prefix}/var'
lt_ECHO='echo'
mandir='${datarootdir}/man'
mkdir_p='/bin/mkdir -p'
oldincludedir='/usr/include'
pdfdir='${docdir}'
prefix='/home/prajwel/AS1UVITLevel2DataPipeline-L2DIST-6.3/as1/LIBS/glog-0.3.2/../..'
program_transform_name='s,x,x,'
psdir='${docdir}'
sbindir='${exec_prefix}/sbin'
sharedstatedir='${prefix}/com'
sysconfdir='${prefix}/etc'
target_alias=''

## ----------- ##
## confdefs.h. ##
## ----------- ##

/* confdefs.h */
#define PACKAGE_NAME "glog"
#define PACKAGE_TARNAME "glog"
#define PACKAGE_VERSION "0.3.2"
#define PACKAGE_STRING "glog 0.3.2"
#define PACKAGE_BUGREPORT "opensource@google.com"
#define PACKAGE_URL ""
#define PACKAGE "glog"
#define VERSION "0.3.2"
#define HAVE_SYS_TYPES_H 1
#define HAVE_SYS_STAT_H 1
#define HAVE_STDLIB_H 1
#define HAVE_STRING_H 1
#define HAVE_MEMORY_H 1
#define HAVE_STRINGS_H 1
#define HAVE_INTTYPES_H 1
#define HAVE_STDINT_H 1
#define HAVE_UNISTD_H 1
#define HAVE_DLFCN_H 1
#define LT_OBJDIR ".libs/"
#define HAVE_UNISTD_H 1
#define HAVE_SYSCALL_H 1
#define HAVE_SYS_SYSCALL_H 1
#define HAVE_EXECINFO_H 1
#define HAVE_UCONTEXT_H 1
#define HAVE_SYS_UTSNAME_H 1
#define HAVE_PWD_H 1
#define HAVE_SYSLOG_H 1
#define HAVE_SYS_TIME_H 1
#define HAVE_GLOB_H 1
#define SIZEOF_VOID_P 8
#define HAVE_SIGALTSTACK 1
#define HAVE_FCNTL 1
#define HAVE___ATTRIBUTE__ 1
#define HAVE___BUILTIN_EXPECT 1
#define HAVE___SYNC_VAL_COMPARE_AND_SWAP 1
#define HAVE_PTHREAD 1
#define HAVE_LIBPTHREAD 1
#define HAVE_RWLOCK 1
#define HAVE_NAMESPACES 1
#define STL_NAMESPACE std
#define GOOGLE_NAMESPACE google
#define _START_GOOGLE_NAMESPACE_ namespace google {
#define _END_GOOGLE_NAMESPACE_ }
#define HAVE_USING_OPERATOR 1
#define HAVE_UCONTEXT_H 1
#define HAVE_SYS_UCONTEXT_H 1
#define PC_FROM_UCONTEXT uc_mcontext.gregs[REG_RIP]
#define TEST_SRC_DIR "."

configure: exit 0
